<?xml version="1.0" encoding="utf-8"?><testsuites name="pytest tests"><testsuite name="pytest" errors="0" failures="0" skipped="0" tests="9" time="6.595" timestamp="2026-09-14T17:28:13.145413+00:00" hostname="agent-env-b47de3c2-90b0-420f-a80f-51979a931245"><testcase classname="tests.test_iter16_regole_listino.TestRegolePrezzi" name="test_get_regole" time="0.859" /><testcase classname="tests.test_iter16_regole_listino.TestRegolePrezzi" name="test_put_regole_admin_and_revert" time="0.665" /><testcase classname="tests.test_iter16_regole_listino.TestRegolePrezzi" name="test_put_regole_not_admin_forbidden" time="0.739" /><testcase classname="tests.test_iter16_regole_listino.TestCalcoloPrezzoServizio" name="test_riparazione_iphone_display" time="0.974" /><testcase classname="tests.test_iter16_regole_listino.TestListinoFornitori" name="test_parse_fattura_pdf" time="0.128" /><testcase classname="tests.test_iter16_regole_listino.TestListinoFornitori" name="test_parse_fattura_not_pdf_400" time="0.249" /><testcase classname="tests.test_iter16_regole_listino.TestListinoFornitori" name="test_listino_crud_and_search" time="1.142" /><testcase classname="tests.test_iter16_regole_listino.TestListinoFornitori" name="test_listino_post_not_admin_403" time="0.200" /><testcase classname="tests.test_iter16_regole_listino.TestBollaRitiroPDF" name="test_bolla_pdf_contains_sections" time="1.556" /></testsuite></testsuites>