<?xml version="1.0" encoding="utf-8"?><testsuites name="pytest tests"><testsuite name="pytest" errors="0" failures="0" skipped="0" tests="8" time="3.731" timestamp="2026-09-24T09:43:02.255599+00:00" hostname="agent-env-b47de3c2-90b0-420f-a80f-51979a931245"><testcase classname="tests.test_iter19_vendite" name="test_vendite_meta" time="0.596" /><testcase classname="tests.test_iter19_vendite" name="test_vendite_list_and_stats" time="0.182" /><testcase classname="tests.test_iter19_vendite" name="test_create_vendita_requires_cliente" time="0.132" /><testcase classname="tests.test_iter19_vendite" name="test_create_vendita_nonusato_forces_iva22" time="0.166" /><testcase classname="tests.test_iter19_vendite" name="test_create_vendita_from_magazzino_scala_giacenza_e_ripristina" time="0.429" /><testcase classname="tests.test_iter19_vendite" name="test_import_sheet_idempotent" time="0.924" /><testcase classname="tests.test_iter19_vendite" name="test_patch_password_admin_and_code_open_to_all" time="0.735" /><testcase classname="tests.test_iter19_vendite" name="test_magazzino_condizione_regime_iva" time="0.198" /></testsuite></testsuites>