<?xml version="1.0" encoding="utf-8"?><testsuites name="pytest tests"><testsuite name="pytest" errors="1" failures="0" skipped="0" tests="88" time="161.584" timestamp="2026-09-14T13:13:28.757662+00:00" hostname="agent-env-b47de3c2-90b0-420f-a80f-51979a931245"><testcase classname="tests.test_regression_iter12.TestAuth" name="test_root" time="0.209" /><testcase classname="tests.test_regression_iter12.TestAuth" name="test_admin_login_requires_mfa" time="0.374" /><testcase classname="tests.test_regression_iter12.TestAuth" name="test_admin_wrong_password_401" time="0.354" /><testcase classname="tests.test_regression_iter12.TestAuth" name="test_admin_mfa_wrong_code" time="0.518" /><testcase classname="tests.test_regression_iter12.TestAuth" name="test_admin_me" time="0.665" /><testcase classname="tests.test_regression_iter12.TestAuth" name="test_michael_login_no_mfa_but_forced_setup" time="0.479" /><testcase classname="tests.test_regression_iter12.TestAuth" name="test_michael_me_still_reachable" time="0.072" /><testcase classname="tests.test_regression_iter12.TestAuth" name="test_michael_2fa_status_endpoint" time="0.084" /><testcase classname="tests.test_regression_iter12.TestAuth" name="test_no_token_401" time="0.137" /><testcase classname="tests.test_regression_iter12.TestDashboard" name="test_stats" time="0.089" /><testcase classname="tests.test_regression_iter12.TestDashboard" name="test_margini_negozi" time="0.069" /><testcase classname="tests.test_regression_iter12.TestDashboard" name="test_margini_12_mesi" time="0.077" /><testcase classname="tests.test_regression_iter12.TestDashboard" name="test_portali_flag_scaduti" time="0.076" /><testcase classname="tests.test_regression_iter12.TestDashboard" name="test_alerts" time="0.087" /><testcase classname="tests.test_regression_iter12.TestDashboard" name="test_operators_stats" time="0.086" /><testcase classname="tests.test_regression_iter12.TestDashboard" name="test_scadenze_settimana" time="0.083" /><testcase classname="tests.test_regression_iter12.TestMeta" name="test_meta" time="0.067" /><testcase classname="tests.test_regression_iter12.TestMeta" name="test_stores_list" time="0.079" /><testcase classname="tests.test_regression_iter12.TestMeta" name="test_users_list" time="0.075" /><testcase classname="tests.test_regression_iter12.TestMeta" name="test_venditori_list" time="0.078" /><testcase classname="tests.test_regression_iter12.TestClients" name="test_list_admin" time="0.171" /><testcase classname="tests.test_regression_iter12.TestClients" name="test_filters" time="1.545" /><testcase classname="tests.test_regression_iter12.TestClients" name="test_search_q" time="0.166" /><testcase classname="tests.test_regression_iter12.TestClients" name="test_create_update_get" time="0.236" /><testcase classname="tests.test_regression_iter12.TestClients" name="test_gdpr_export" time="0.440" /><testcase classname="tests.test_regression_iter12.TestClients" name="test_export_xlsx" time="0.408" /><testcase classname="tests.test_regression_iter12.TestClients" name="test_messaggi_previsti" time="0.073" /><testcase classname="tests.test_regression_iter12.TestClients" name="test_blacklist_recensioni" time="0.218" /><testcase classname="tests.test_regression_iter12.TestServizi" name="test_list" time="0.088" /><testcase classname="tests.test_regression_iter12.TestServizi" name="test_create_riparazione_and_secrets" time="0.148" /><testcase classname="tests.test_regression_iter12.TestServizi" name="test_create_sim_and_fisso" time="4.794" /><testcase classname="tests.test_regression_iter12.TestServizi" name="test_patch_servizio" time="0.142" /><testcase classname="tests.test_regression_iter12.TestServizi" name="test_scheda_pdf" time="0.363" /><testcase classname="tests.test_regression_iter12.TestMagazzino" name="test_list" time="0.111" /><testcase classname="tests.test_regression_iter12.TestMagazzino" name="test_create_movimento" time="0.635" /><testcase classname="tests.test_regression_iter12.TestMagazzino" name="test_export" time="0.078" /><testcase classname="tests.test_regression_iter12.TestMagazzino" name="test_disponibilita" time="0.074" /><testcase classname="tests.test_regression_iter12.TestRitiri" name="test_list" time="0.067" /><testcase classname="tests.test_regression_iter12.TestRitiri" name="test_export" time="0.077" /><testcase classname="tests.test_regression_iter12.TestWhatsApp" name="test_status" time="0.324" /><testcase classname="tests.test_regression_iter12.TestWhatsApp" name="test_sessions_summary" time="0.263" /><testcase classname="tests.test_regression_iter12.TestWhatsApp" name="test_log" time="0.073" /><testcase classname="tests.test_regression_iter12.TestWhatsApp" name="test_privacy_dry_run" time="0.831" /><testcase classname="tests.test_regression_iter12.TestWhatsApp" name="test_cron_daily_digest" time="0.170" /><testcase classname="tests.test_regression_iter12.TestWhatsApp" name="test_cron_whatsapp_due" time="0.136" /><testcase classname="tests.test_regression_iter12.TestWhatsApp" name="test_cron_riparazioni_ferme" time="0.121" /><testcase classname="tests.test_regression_iter12.TestWhatsApp" name="test_cron_requires_secret" time="0.071" /><testcase classname="tests.test_regression_iter12.TestPortali" name="test_list" time="0.096" /><testcase classname="tests.test_regression_iter12.TestPortali" name="test_da_inserire" time="0.073" /><testcase classname="tests.test_regression_iter12.TestPortali" name="test_flag_scaduti" time="0.075" /><testcase classname="tests.test_regression_iter12.TestPasswords" name="test_list" time="0.087" /><testcase classname="tests.test_regression_iter12.TestPasswords" name="test_reveal_one_readonly" time="0.158" /><testcase classname="tests.test_regression_iter12.TestPasswords" name="test_rbac_negozio" time="0.079" /><testcase classname="tests.test_regression_iter12.TestAudit" name="test_audit_log" time="0.078" /><testcase classname="tests.test_regression_iter12.TestAudit" name="test_audit_michael_forbidden" time="0.076" /><testcase classname="tests.test_regression_iter12.TestTelefonia" name="test_vincoli" time="0.070" /><testcase classname="tests.test_regression_iter12.TestTelefonia" name="test_proposte" time="0.076" /><testcase classname="tests.test_regression_iter12" name="test_zzz_cleanup" time="32.272" /><testcase classname="tests.test_formazione_iter13.TestPublicFormazione" name="test_public_presentazione_list_no_auth" time="0.139" /><testcase classname="tests.test_formazione_iter13.TestPublicFormazione" name="test_public_presentazione_pdf" time="0.357" /><testcase classname="tests.test_formazione_iter13.TestAuthFormazione" name="test_no_token_401" time="0.160" /><testcase classname="tests.test_formazione_iter13.TestAuthFormazione" name="test_list_all_admin_40" time="31.838" /><testcase classname="tests.test_formazione_iter13.TestAuthFormazione" name="test_filter_manuale" time="0.076" /><testcase classname="tests.test_formazione_iter13.TestAuthFormazione" name="test_pdf_manuale" time="0.311" /><testcase classname="tests.test_formazione_iter13.TestAuthFormazione" name="test_pdf_servizi" time="0.231" /><testcase classname="tests.test_formazione_iter13.TestAuthFormazione" name="test_pdf_slide" time="0.226" /><testcase classname="tests.test_formazione_iter13.TestAuthFormazione" name="test_pdf_invalid_section_400" time="0.073" /><testcase classname="tests.test_formazione_iter13.TestFormazioneCRUD" name="test_create_auto_ordine" time="0.164" /><testcase classname="tests.test_formazione_iter13.TestFormazioneCRUD" name="test_patch" time="0.138" /><testcase classname="tests.test_formazione_iter13.TestFormazioneCRUD" name="test_invalid_section_on_create_400" time="0.068" /><testcase classname="tests.test_formazione_iter13.TestFormazioneCRUD" name="test_michael_read_ok" time="2.440" /><testcase classname="tests.test_formazione_iter13.TestFormazioneCRUD" name="test_michael_post_403" time="0.070" /><testcase classname="tests.test_formazione_iter13.TestFormazioneCRUD" name="test_michael_patch_403" time="0.074" /><testcase classname="tests.test_formazione_iter13.TestFormazioneCRUD" name="test_michael_delete_403" time="0.073" /><testcase classname="tests.test_formazione_iter13.TestFormazioneCRUD" name="test_delete" time="0.159" /><testcase classname="tests.test_formazione_iter13.TestSyncFogli" name="test_sync_admin_dry_run" time="3.296" /><testcase classname="tests.test_formazione_iter13.TestSyncFogli" name="test_sync_non_admin_403" time="0.079" /><testcase classname="tests.test_formazione_iter13" name="test_zzz_cleanup" time="0.090" /><testcase classname="tests.test_passwords.TestPasswordsAdmin" name="test_list_has_52_plus_and_hides_enc" time="33.441" /><testcase classname="tests.test_passwords.TestPasswordsAdmin" name="test_full_crud_and_reveal" time="0.743" /><testcase classname="tests.test_passwords.TestPasswordsAdmin" name="test_import_sheet_gia_importato" time="0.077" /><testcase classname="tests.test_passwords.TestPasswordsAdmin" name="test_audit_log_view_segreti_after_reveal" time="1.259" /><testcase classname="tests.test_passwords.TestPasswordsRBAC" name="test_michael_sees_only_tirano" time="0.392"><error message="failed on setup with &quot;KeyError: 'token'&quot;">E   KeyError: 'token'</error></testcase><testcase classname="tests.test_ritiri_rigenerati" name="test_create_ritiro_creates_rigenerato" time="33.989" /><testcase classname="tests.test_ritiri_rigenerati" name="test_upload_documenti_and_pdf_merge" time="1.564" /><testcase classname="tests.test_ritiri_rigenerati" name="test_vendi_rigenerato_and_double_vendi" time="0.256" /><testcase classname="tests.test_ritiri_rigenerati" name="test_dashboard_margini_negozi_rigenerati" time="0.085" /><testcase classname="tests.test_ritiri_rigenerati" name="test_vendi_non_rigenerato_returns_400" time="0.647" /></testsuite></testsuites>