<?xml version="1.0" encoding="utf-8"?><testsuites name="pytest tests"><testsuite name="pytest" errors="0" failures="0" skipped="0" tests="44" time="10.188" timestamp="2026-09-07T06:35:22.105819+00:00" hostname="agent-env-b47de3c2-90b0-420f-a80f-51979a931245"><testcase classname="tests.backend_test.TestAuth" name="test_root" time="0.246" /><testcase classname="tests.backend_test.TestAuth" name="test_login_all_seeded_users[admin]" time="0.507" /><testcase classname="tests.backend_test.TestRBAC" name="test_admin_sees_all_clients" time="0.829" /><testcase classname="tests.backend_test.TestAuth" name="test_login_all_seeded_users[deborah]" time="0.351" /><testcase classname="tests.backend_test.TestAuth" name="test_login_all_seeded_users[michael]" time="0.510" /><testcase classname="tests.backend_test.TestRBAC" name="test_deborah_can_view_all" time="1.186" /><testcase classname="tests.backend_test.TestAuth" name="test_login_all_seeded_users[lorenzo]" time="0.357" /><testcase classname="tests.backend_test.TestAuth" name="test_login_all_seeded_users[kevin]" time="0.356" /><testcase classname="tests.backend_test.TestAuth" name="test_login_sets_httponly_cookie" time="0.484" /><testcase classname="tests.backend_test.TestRBAC" name="test_michael_scope" time="1.285" /><testcase classname="tests.backend_test.TestAuth" name="test_me_matches_login" time="0.982" /><testcase classname="tests.backend_test.TestRBAC" name="test_lorenzo_scope" time="1.196" /><testcase classname="tests.backend_test.TestAuth" name="test_me_with_cookie_auth" time="0.810" /><testcase classname="tests.backend_test.TestRBAC" name="test_store_user_forbidden_users_endpoint" time="0.067" /><testcase classname="tests.backend_test.TestRBAC" name="test_store_user_forbidden_operators_stats" time="0.136" /><testcase classname="tests.backend_test.TestAuth" name="test_no_token_401" time="0.108" /><testcase classname="tests.backend_test.TestRBAC" name="test_store_user_forbidden_send_digest" time="0.065" /><testcase classname="tests.backend_test.TestAuth" name="test_invalid_token_401" time="0.170" /><testcase classname="tests.backend_test.TestRBAC" name="test_store_user_stores_scoped" time="0.069" /><testcase classname="tests.backend_test.TestRBAC" name="test_cross_scope_client_read_404" time="0.164" /><testcase classname="tests.backend_test.TestAuth" name="test_bad_password_401" time="0.114" /><testcase classname="tests.backend_test.TestRBAC" name="test_store_user_cannot_delete_client" time="0.174" /><testcase classname="tests.backend_test.TestAuth" name="test_logout" time="0.061" /><testcase classname="tests.backend_test.TestAuth" name="test_bcrypt_hash_format_and_lockout" time="0.815" /><testcase classname="tests.backend_test.TestDashboardAlerts" name="test_dashboard_stats" time="0.112" /><testcase classname="tests.backend_test.TestDashboardAlerts" name="test_dashboard_scoped_for_store_user" time="0.180" /><testcase classname="tests.backend_test.TestDashboardAlerts" name="test_alerts" time="0.071" /><testcase classname="tests.backend_test.TestDashboardAlerts" name="test_meta" time="0.063" /><testcase classname="tests.backend_test.TestDashboardAlerts" name="test_operators_stats" time="0.066" /><testcase classname="tests.backend_test.TestDashboardAlerts" name="test_cron_requires_secret" time="0.109" /><testcase classname="tests.backend_test.TestDashboardAlerts" name="test_send_digest_admin" time="0.341" /><testcase classname="tests.backend_test.TestClientsCRUD" name="test_create_read_update_delete" time="0.667" /><testcase classname="tests.backend_test.TestBusinessLogic" name="test_computed_dates" time="0.123" /><testcase classname="tests.backend_test.TestBusinessLogic" name="test_payment_reset_after_6_months" time="0.134" /><testcase classname="tests.backend_test.TestBusinessLogic" name="test_no_mongo_id_leak" time="0.705" /><testcase classname="tests.backend_test.TestClientsCRUD" name="test_store_user_create_forced_to_own_store" time="0.547" /><testcase classname="tests.backend_test.TestStores" name="test_list_and_mark_paid_and_create" time="0.428" /><testcase classname="tests.backend_test.TestClientsCRUD" name="test_missing_required_fields_422" time="0.061" /><testcase classname="tests.backend_test.TestClientsCRUD" name="test_client_not_found_404" time="0.062" /><testcase classname="tests.backend_test.TestClientsCRUD" name="test_filters" time="0.444" /><testcase classname="tests.backend_test.TestStores" name="test_store_mark_paid_404" time="0.063" /><testcase classname="tests.backend_test.TestStores" name="test_store_user_cannot_create_store" time="0.065" /><testcase classname="tests.backend_test.TestUsers" name="test_user_lifecycle" time="1.930" /><testcase classname="tests.backend_test.TestUsers" name="test_users_list_no_hash" time="0.063" /></testsuite></testsuites>