<?xml version="1.0" encoding="utf-8"?><testsuites name="pytest tests"><testsuite name="pytest" errors="0" failures="0" skipped="0" tests="7" time="1.795" timestamp="2026-09-19T08:53:46.613130+00:00" hostname="agent-env-b47de3c2-90b0-420f-a80f-51979a931245"><testcase classname="tests.test_iter18_clients_fornitori" name="test_meta_ok" time="0.630" /><testcase classname="tests.test_iter18_clients_fornitori" name="test_fornitori_idempotent_case_insensitive" time="0.237" /><testcase classname="tests.test_iter18_clients_fornitori" name="test_client_create_and_persist_all_fields" time="0.121" /><testcase classname="tests.test_iter18_clients_fornitori" name="test_patch_partial_only_phone_preserves_other_fields" time="0.182" /><testcase classname="tests.test_iter18_clients_fornitori" name="test_collegati_by_cf_and_phone" time="0.123" /><testcase classname="tests.test_iter18_clients_fornitori" name="test_list_filter_tipo_cliente" time="0.065" /><testcase classname="tests.test_iter18_clients_fornitori" name="test_zzz_cleanup" time="0.119" /></testsuite></testsuites>