<?xml version="1.0" encoding="utf-8"?><testsuites name="pytest tests"><testsuite name="pytest" errors="9" failures="0" skipped="0" tests="88" time="188.810" timestamp="2026-09-14T13:09:50.969465+00:00" hostname="agent-env-b47de3c2-90b0-420f-a80f-51979a931245"><testcase classname="tests.test_regression_iter12.TestAuth" name="test_root" time="0.276" /><testcase classname="tests.test_regression_iter12.TestAuth" name="test_admin_login_requires_mfa" time="0.473" /><testcase classname="tests.test_regression_iter12.TestAuth" name="test_admin_wrong_password_401" time="0.432" /><testcase classname="tests.test_regression_iter12.TestClients" name="test_list_admin" time="1.202" /><testcase classname="tests.test_regression_iter12.TestAuth" name="test_admin_mfa_wrong_code" time="0.596" /><testcase classname="tests.test_regression_iter12.TestClients" name="test_filters" time="1.508" /><testcase classname="tests.test_regression_iter12.TestClients" name="test_search_q" time="1.131" /><testcase classname="tests.test_regression_iter12.TestClients" name="test_create_update_get" time="0.325" /><testcase classname="tests.test_regression_iter12.TestClients" name="test_gdpr_export" time="0.404" /><testcase classname="tests.test_regression_iter12.TestClients" name="test_export_xlsx" time="0.364" /><testcase classname="tests.test_regression_iter12.TestClients" name="test_messaggi_previsti" time="0.083" /><testcase classname="tests.test_regression_iter12.TestClients" name="test_blacklist_recensioni" time="0.084" /><testcase classname="tests.test_regression_iter12.TestWhatsApp" name="test_status" time="0.377" /><testcase classname="tests.test_regression_iter12.TestWhatsApp" name="test_sessions_summary" time="0.294" /><testcase classname="tests.test_regression_iter12.TestWhatsApp" name="test_log" time="0.100" /><testcase classname="tests.test_regression_iter12.TestWhatsApp" name="test_privacy_dry_run" time="0.812" /><testcase classname="tests.test_regression_iter12.TestWhatsApp" name="test_cron_daily_digest" time="0.178" /><testcase classname="tests.test_regression_iter12.TestWhatsApp" name="test_cron_whatsapp_due" time="0.131" /><testcase classname="tests.test_regression_iter12.TestWhatsApp" name="test_cron_riparazioni_ferme" time="0.547" /><testcase classname="tests.test_regression_iter12.TestWhatsApp" name="test_cron_requires_secret" time="0.120" /><testcase classname="tests.test_regression_iter12.TestAuth" name="test_admin_me" time="31.936" /><testcase classname="tests.test_regression_iter12.TestAuth" name="test_michael_login_no_mfa_but_forced_setup" time="0.497" /><testcase classname="tests.test_regression_iter12.TestAuth" name="test_michael_me_still_reachable" time="0.103" /><testcase classname="tests.test_regression_iter12.TestAuth" name="test_michael_2fa_status_endpoint" time="0.089" /><testcase classname="tests.test_regression_iter12.TestAuth" name="test_no_token_401" time="0.175" /><testcase classname="tests.test_regression_iter12.TestDashboard" name="test_stats" time="0.157" /><testcase classname="tests.test_regression_iter12.TestDashboard" name="test_margini_negozi" time="0.082" /><testcase classname="tests.test_regression_iter12.TestDashboard" name="test_margini_12_mesi" time="0.075" /><testcase classname="tests.test_regression_iter12.TestDashboard" name="test_portali_flag_scaduti" time="0.074" /><testcase classname="tests.test_regression_iter12.TestDashboard" name="test_alerts" time="0.092" /><testcase classname="tests.test_regression_iter12.TestDashboard" name="test_operators_stats" time="0.090" /><testcase classname="tests.test_regression_iter12.TestDashboard" name="test_scadenze_settimana" time="0.087" /><testcase classname="tests.test_formazione_iter13.TestAuthFormazione" name="test_no_token_401" time="0.120" /><testcase classname="tests.test_formazione_iter13.TestFormazioneCRUD" name="test_create_auto_ordine" time="31.946" /><testcase classname="tests.test_formazione_iter13.TestFormazioneCRUD" name="test_patch" time="0.196" /><testcase classname="tests.test_formazione_iter13.TestFormazioneCRUD" name="test_invalid_section_on_create_400" time="0.072" /><testcase classname="tests.test_formazione_iter13.TestFormazioneCRUD" name="test_michael_read_ok" time="2.433" /><testcase classname="tests.test_formazione_iter13.TestFormazioneCRUD" name="test_michael_post_403" time="0.072" /><testcase classname="tests.test_formazione_iter13.TestFormazioneCRUD" name="test_michael_patch_403" time="0.075" /><testcase classname="tests.test_formazione_iter13.TestFormazioneCRUD" name="test_michael_delete_403" time="0.075" /><testcase classname="tests.test_formazione_iter13.TestFormazioneCRUD" name="test_delete" time="0.171" /><testcase classname="tests.test_regression_iter12.TestServizi" name="test_list" time="0.120" /><testcase classname="tests.test_regression_iter12.TestServizi" name="test_create_riparazione_and_secrets" time="0.188" /><testcase classname="tests.test_regression_iter12.TestServizi" name="test_create_sim_and_fisso" time="0.333" /><testcase classname="tests.test_regression_iter12.TestServizi" name="test_patch_servizio" time="0.190" /><testcase classname="tests.test_regression_iter12.TestServizi" name="test_scheda_pdf" time="0.446" /><testcase classname="tests.test_ritiri_rigenerati" name="test_create_ritiro_creates_rigenerato" time="34.441" /><testcase classname="tests.test_ritiri_rigenerati" name="test_upload_documenti_and_pdf_merge" time="1.225" /><testcase classname="tests.test_ritiri_rigenerati" name="test_vendi_rigenerato_and_double_vendi" time="0.295" /><testcase classname="tests.test_ritiri_rigenerati" name="test_dashboard_margini_negozi_rigenerati" time="0.088" /><testcase classname="tests.test_ritiri_rigenerati" name="test_vendi_non_rigenerato_returns_400" time="0.575" /><testcase classname="tests.test_regression_iter12.TestMeta" name="test_meta" time="0.069" /><testcase classname="tests.test_regression_iter12.TestMeta" name="test_stores_list" time="0.087" /><testcase classname="tests.test_regression_iter12.TestMeta" name="test_users_list" time="0.079" /><testcase classname="tests.test_regression_iter12.TestMeta" name="test_venditori_list" time="0.091" /><testcase classname="tests.test_regression_iter12.TestMagazzino" name="test_list" time="0.071" /><testcase classname="tests.test_regression_iter12.TestMagazzino" name="test_create_movimento" time="0.298" /><testcase classname="tests.test_regression_iter12.TestMagazzino" name="test_export" time="0.087" /><testcase classname="tests.test_regression_iter12.TestMagazzino" name="test_disponibilita" time="0.087" /><testcase classname="tests.test_passwords.TestPasswordsAdmin" name="test_list_has_52_plus_and_hides_enc" time="33.230" /><testcase classname="tests.test_passwords.TestPasswordsAdmin" name="test_full_crud_and_reveal" time="0.772" /><testcase classname="tests.test_passwords.TestPasswordsAdmin" name="test_import_sheet_gia_importato" time="0.087" /><testcase classname="tests.test_passwords.TestPasswordsAdmin" name="test_audit_log_view_segreti_after_reveal" time="1.255" /><testcase classname="tests.test_regression_iter12.TestPortali" name="test_list" time="0.087" /><testcase classname="tests.test_regression_iter12.TestPortali" name="test_da_inserire" time="0.103" /><testcase classname="tests.test_regression_iter12.TestPortali" name="test_flag_scaduti" time="0.079" /><testcase classname="tests.test_regression_iter12.TestPasswords" name="test_list" time="0.102" /><testcase classname="tests.test_regression_iter12.TestPasswords" name="test_reveal_one_readonly" time="0.167" /><testcase classname="tests.test_regression_iter12.TestPasswords" name="test_rbac_negozio" time="0.371"><error message="failed on setup with &quot;KeyError: 'token'&quot;">E   KeyError: 'token'</error></testcase><testcase classname="tests.test_regression_iter12.TestRitiri" name="test_list" time="0.090" /><testcase classname="tests.test_regression_iter12.TestRitiri" name="test_export" time="0.154" /><testcase classname="tests.test_regression_iter12.TestAudit" name="test_audit_log" time="0.218" /><testcase classname="tests.test_regression_iter12.TestAudit" name="test_audit_michael_forbidden" time="0.000"><error message="failed on setup with &quot;KeyError: 'token'&quot;">E   KeyError: 'token'</error></testcase><testcase classname="tests.test_regression_iter12.TestTelefonia" name="test_vincoli" time="0.077" /><testcase classname="tests.test_regression_iter12.TestTelefonia" name="test_proposte" time="0.081" /><testcase classname="tests.test_formazione_iter13.TestPublicFormazione" name="test_public_presentazione_list_no_auth" time="0.124" /><testcase classname="tests.test_formazione_iter13.TestPublicFormazione" name="test_public_presentazione_pdf" time="0.336" /><testcase classname="tests.test_formazione_iter13.TestSyncFogli" name="test_sync_admin_dry_run" time="2.959" /><testcase classname="tests.test_formazione_iter13.TestSyncFogli" name="test_sync_non_admin_403" time="0.071" /><testcase classname="tests.test_regression_iter12" name="test_zzz_cleanup" time="32.276" /><testcase classname="tests.test_formazione_iter13.TestAuthFormazione" name="test_list_all_admin_40" time="94.032"><error message="failed on setup with &quot;Failed: MFA login failed: 401 {&quot;detail&quot;:&quot;Codice non valido&quot;}&quot;">E   Failed: MFA login failed: 401 {"detail":"Codice non valido"}</error></testcase><testcase classname="tests.test_formazione_iter13.TestAuthFormazione" name="test_filter_manuale" time="0.000"><error message="failed on setup with &quot;Failed: MFA login failed: 401 {&quot;detail&quot;:&quot;Codice non valido&quot;}&quot;">E   Failed: MFA login failed: 401 {"detail":"Codice non valido"}</error></testcase><testcase classname="tests.test_formazione_iter13.TestAuthFormazione" name="test_pdf_manuale" time="0.000"><error message="failed on setup with &quot;Failed: MFA login failed: 401 {&quot;detail&quot;:&quot;Codice non valido&quot;}&quot;">E   Failed: MFA login failed: 401 {"detail":"Codice non valido"}</error></testcase><testcase classname="tests.test_formazione_iter13.TestAuthFormazione" name="test_pdf_servizi" time="0.000"><error message="failed on setup with &quot;Failed: MFA login failed: 401 {&quot;detail&quot;:&quot;Codice non valido&quot;}&quot;">E   Failed: MFA login failed: 401 {"detail":"Codice non valido"}</error></testcase><testcase classname="tests.test_formazione_iter13.TestAuthFormazione" name="test_pdf_slide" time="0.000"><error message="failed on setup with &quot;Failed: MFA login failed: 401 {&quot;detail&quot;:&quot;Codice non valido&quot;}&quot;">E   Failed: MFA login failed: 401 {"detail":"Codice non valido"}</error></testcase><testcase classname="tests.test_formazione_iter13.TestAuthFormazione" name="test_pdf_invalid_section_400" time="0.002"><error message="failed on setup with &quot;Failed: MFA login failed: 401 {&quot;detail&quot;:&quot;Codice non valido&quot;}&quot;">E   Failed: MFA login failed: 401 {"detail":"Codice non valido"}</error></testcase><testcase classname="tests.test_formazione_iter13" name="test_zzz_cleanup" time="0.079" /><testcase classname="tests.test_passwords.TestPasswordsRBAC" name="test_michael_sees_only_tirano" time="33.727"><error message="failed on setup with &quot;KeyError: 'token'&quot;">E   KeyError: 'token'</error></testcase></testsuite></testsuites>