<?xml version="1.0" encoding="utf-8"?><testsuites name="pytest tests"><testsuite name="pytest" errors="0" failures="0" skipped="0" tests="5" time="5.561" timestamp="2026-09-14T07:31:25.573485+00:00" hostname="agent-env-b47de3c2-90b0-420f-a80f-51979a931245"><testcase classname="tests.test_ritiri_rigenerati" name="test_create_ritiro_creates_rigenerato" time="2.470" /><testcase classname="tests.test_ritiri_rigenerati" name="test_upload_documenti_and_pdf_merge" time="1.121" /><testcase classname="tests.test_ritiri_rigenerati" name="test_vendi_rigenerato_and_double_vendi" time="0.267" /><testcase classname="tests.test_ritiri_rigenerati" name="test_dashboard_margini_negozi_rigenerati" time="0.083" /><testcase classname="tests.test_ritiri_rigenerati" name="test_vendi_non_rigenerato_returns_400" time="0.520" /></testsuite></testsuites>