<?xml version="1.0" encoding="utf-8"?><testsuites name="pytest tests"><testsuite name="pytest" errors="0" failures="0" skipped="0" tests="13" time="37.841" timestamp="2026-09-14T14:29:57.883831+00:00" hostname="agent-env-b47de3c2-90b0-420f-a80f-51979a931245"><testcase classname="tests.test_followup_iter15.TestFollowupValidation" name="test_post_missing_richiamare_il_returns_400" time="1.179" /><testcase classname="tests.test_followup_iter15.TestFollowupValidation" name="test_post_invalid_esito_returns_400" time="0.107" /><testcase classname="tests.test_followup_iter15.TestFollowupValidation" name="test_post_target_not_found_returns_404" time="0.107" /><testcase classname="tests.test_followup_iter15.TestFollowupFlow" name="test_create_open_followup" time="0.114" /><testcase classname="tests.test_followup_iter15.TestFollowupFlow" name="test_list_followup_history_contains_entry" time="0.097" /><testcase classname="tests.test_followup_iter15.TestFollowupFlow" name="test_da_richiamare_contains_entry_not_scaduto" time="0.078" /><testcase classname="tests.test_followup_iter15.TestFollowupFlow" name="test_scadenze_settimana_has_ultimo_contatto_field" time="0.096" /><testcase classname="tests.test_followup_iter15.TestFollowupFlow" name="test_alerts_rinnovi_has_ultimo_contatto_field" time="0.149" /><testcase classname="tests.test_followup_iter15.TestFollowupFlow" name="test_reposting_contattato_closes_previous" time="0.174" /><testcase classname="tests.test_followup_iter15.TestFollowupServizio" name="test_servizio_riparazione_scaduto_true" time="0.356" /><testcase classname="tests.test_followup_iter15.TestFollowupRBAC" name="test_michael_da_richiamare_only_his_stores" time="34.984" /><testcase classname="tests.test_followup_iter15.TestFollowupRBAC" name="test_michael_post_other_store_client_returns_404" time="0.087" /><testcase classname="tests.test_followup_iter15" name="test_zzz_cleanup" time="0.183" /></testsuite></testsuites>