<?xml version="1.0" encoding="utf-8"?><testsuites name="pytest tests"><testsuite name="pytest" errors="0" failures="1" skipped="0" tests="8" time="39.776" timestamp="2026-09-24T12:53:53.774997+00:00" hostname="agent-env-b47de3c2-90b0-420f-a80f-51979a931245"><testcase classname="tests.test_iter20_drive_report_copia.TestGoogleDrive" name="test_status_admin" time="7.965" /><testcase classname="tests.test_iter20_drive_report_copia.TestGoogleDrive" name="test_connect_admin_returns_auth_url" time="0.244" /><testcase classname="tests.test_iter20_drive_report_copia.TestGoogleDrive" name="test_connect_forbidden_for_non_admin" time="0.471" /><testcase classname="tests.test_iter20_drive_report_copia.TestGoogleDrive" name="test_sync_without_connection" time="0.128" /><testcase classname="tests.test_iter20_drive_report_copia.TestGoogleDrive" name="test_callback_invalid_state_redirects" time="0.122" /><testcase classname="tests.test_iter20_drive_report_copia.TestAnteprimaReport" name="test_anteprima_admin" time="38.297" /><testcase classname="tests.test_iter20_drive_report_copia.TestAnteprimaReport" name="test_anteprima_forbidden_for_negozio" time="0.800" /><testcase classname="tests.test_iter20_drive_report_copia.TestServiziClientContacts" name="test_get_servizio_includes_client_contacts" time="0.318"><failure message="AssertionError: client_contacts missing key 'civico'; got keys=['nome', 'cognome', 'codice_fiscale', 'p_iva', 'indirizzo', 'email', 'telefono', 'provincia', 'no_recensioni']&#10;assert 'civico' in {'nome': 'TEST_82685b', 'cognome': 'TEST_Regression', 'codice_fiscale': '', 'p_iva': '', ...}">backend/tests/test_iter20_drive_report_copia.py:140: in test_get_servizio_includes_client_contacts
    assert k in cc, f"client_contacts missing key '{k}'; got keys={list(cc.keys())}"
E   AssertionError: client_contacts missing key 'civico'; got keys=['nome', 'cognome', 'codice_fiscale', 'p_iva', 'indirizzo', 'email', 'telefono', 'provincia', 'no_recensioni']
E   assert 'civico' in {'nome': 'TEST_82685b', 'cognome': 'TEST_Regression', 'codice_fiscale': '', 'p_iva': '', ...}</failure></testcase></testsuite></testsuites>