<?xml version="1.0" encoding="utf-8"?><testsuites name="pytest tests"><testsuite name="pytest" errors="0" failures="0" skipped="0" tests="58" time="72.750" timestamp="2026-09-14T08:47:39.598279+00:00" hostname="agent-env-b47de3c2-90b0-420f-a80f-51979a931245"><testcase classname="tests.test_regression_iter12.TestAuth" name="test_root" time="0.142" /><testcase classname="tests.test_regression_iter12.TestAuth" name="test_admin_login_requires_mfa" time="0.455" /><testcase classname="tests.test_regression_iter12.TestClients" name="test_list_admin" time="0.992" /><testcase classname="tests.test_regression_iter12.TestAuth" name="test_admin_wrong_password_401" time="0.391" /><testcase classname="tests.test_regression_iter12.TestAuth" name="test_admin_mfa_wrong_code" time="0.486" /><testcase classname="tests.test_regression_iter12.TestClients" name="test_filters" time="1.198" /><testcase classname="tests.test_regression_iter12.TestClients" name="test_search_q" time="0.120" /><testcase classname="tests.test_regression_iter12.TestClients" name="test_create_update_get" time="0.205" /><testcase classname="tests.test_regression_iter12.TestClients" name="test_gdpr_export" time="0.519" /><testcase classname="tests.test_regression_iter12.TestClients" name="test_export_xlsx" time="0.256" /><testcase classname="tests.test_regression_iter12.TestClients" name="test_messaggi_previsti" time="0.070" /><testcase classname="tests.test_regression_iter12.TestClients" name="test_blacklist_recensioni" time="0.070" /><testcase classname="tests.test_regression_iter12.TestWhatsApp" name="test_status" time="0.319" /><testcase classname="tests.test_regression_iter12.TestWhatsApp" name="test_sessions_summary" time="0.260" /><testcase classname="tests.test_regression_iter12.TestWhatsApp" name="test_log" time="0.075" /><testcase classname="tests.test_regression_iter12.TestWhatsApp" name="test_privacy_dry_run" time="0.799" /><testcase classname="tests.test_regression_iter12.TestWhatsApp" name="test_cron_daily_digest" time="0.128" /><testcase classname="tests.test_regression_iter12.TestWhatsApp" name="test_cron_whatsapp_due" time="0.150" /><testcase classname="tests.test_regression_iter12.TestWhatsApp" name="test_cron_riparazioni_ferme" time="0.108" /><testcase classname="tests.test_regression_iter12.TestWhatsApp" name="test_cron_requires_secret" time="0.061" /><testcase classname="tests.test_regression_iter12.TestDashboard" name="test_stats" time="0.082" /><testcase classname="tests.test_regression_iter12.TestDashboard" name="test_margini_negozi" time="0.065" /><testcase classname="tests.test_regression_iter12.TestDashboard" name="test_margini_12_mesi" time="0.082" /><testcase classname="tests.test_regression_iter12.TestDashboard" name="test_portali_flag_scaduti" time="0.066" /><testcase classname="tests.test_regression_iter12.TestDashboard" name="test_alerts" time="0.080" /><testcase classname="tests.test_regression_iter12.TestDashboard" name="test_operators_stats" time="0.071" /><testcase classname="tests.test_regression_iter12.TestDashboard" name="test_scadenze_settimana" time="0.081" /><testcase classname="tests.test_regression_iter12.TestServizi" name="test_list" time="0.080" /><testcase classname="tests.test_regression_iter12.TestServizi" name="test_create_riparazione_and_secrets" time="0.136" /><testcase classname="tests.test_regression_iter12.TestServizi" name="test_create_sim_and_fisso" time="0.204" /><testcase classname="tests.test_regression_iter12.TestServizi" name="test_patch_servizio" time="0.146" /><testcase classname="tests.test_regression_iter12.TestServizi" name="test_scheda_pdf" time="0.328" /><testcase classname="tests.test_regression_iter12.TestMeta" name="test_meta" time="0.071" /><testcase classname="tests.test_regression_iter12.TestMeta" name="test_stores_list" time="0.072" /><testcase classname="tests.test_regression_iter12.TestMeta" name="test_users_list" time="0.071" /><testcase classname="tests.test_regression_iter12.TestMeta" name="test_venditori_list" time="0.079" /><testcase classname="tests.test_regression_iter12.TestMagazzino" name="test_list" time="0.073" /><testcase classname="tests.test_regression_iter12.TestMagazzino" name="test_create_movimento" time="0.285" /><testcase classname="tests.test_regression_iter12.TestMagazzino" name="test_export" time="0.117" /><testcase classname="tests.test_regression_iter12.TestMagazzino" name="test_disponibilita" time="0.070" /><testcase classname="tests.test_regression_iter12.TestPortali" name="test_list" time="0.062" /><testcase classname="tests.test_regression_iter12.TestPortali" name="test_da_inserire" time="0.071" /><testcase classname="tests.test_regression_iter12.TestPortali" name="test_flag_scaduti" time="0.063" /><testcase classname="tests.test_regression_iter12.TestPasswords" name="test_list" time="0.088" /><testcase classname="tests.test_regression_iter12.TestPasswords" name="test_reveal_one_readonly" time="0.148" /><testcase classname="tests.test_regression_iter12.TestPasswords" name="test_rbac_negozio" time="0.472" /><testcase classname="tests.test_regression_iter12.TestRitiri" name="test_list" time="0.067" /><testcase classname="tests.test_regression_iter12.TestRitiri" name="test_export" time="0.076" /><testcase classname="tests.test_regression_iter12.TestAudit" name="test_audit_log" time="0.072" /><testcase classname="tests.test_regression_iter12.TestAudit" name="test_audit_michael_forbidden" time="0.077" /><testcase classname="tests.test_regression_iter12.TestTelefonia" name="test_vincoli" time="0.067" /><testcase classname="tests.test_regression_iter12.TestTelefonia" name="test_proposte" time="0.066" /><testcase classname="tests.test_regression_iter12" name="test_zzz_cleanup" time="63.361" /><testcase classname="tests.test_regression_iter12.TestAuth" name="test_admin_me" time="31.809" /><testcase classname="tests.test_regression_iter12.TestAuth" name="test_michael_login_no_mfa_but_forced_setup" time="0.458" /><testcase classname="tests.test_regression_iter12.TestAuth" name="test_michael_me_still_reachable" time="0.065" /><testcase classname="tests.test_regression_iter12.TestAuth" name="test_michael_2fa_status_endpoint" time="0.064" /><testcase classname="tests.test_regression_iter12.TestAuth" name="test_no_token_401" time="0.111" /></testsuite></testsuites>