<?xml version="1.0" encoding="utf-8"?><testsuites name="pytest tests"><testsuite name="pytest" errors="0" failures="0" skipped="0" tests="53" time="15.063" timestamp="2026-09-06T15:18:46.125090+00:00" hostname="agent-env-b47de3c2-90b0-420f-a80f-51979a931245"><testcase classname="tests.backend_test.TestAuth" name="test_root" time="0.502" /><testcase classname="tests.backend_test.TestAuth" name="test_login_all_seeded_users[admin]" time="0.392" /><testcase classname="tests.backend_test.TestRBAC" name="test_admin_sees_all_clients" time="0.906" /><testcase classname="tests.backend_test.TestAuth" name="test_login_all_seeded_users[deborah]" time="0.581" /><testcase classname="tests.backend_test.TestRBAC" name="test_deborah_can_view_all" time="1.306" /><testcase classname="tests.backend_test.TestAuth" name="test_login_all_seeded_users[michael]" time="0.354" /><testcase classname="tests.backend_test.TestAuth" name="test_login_all_seeded_users[lorenzo]" time="0.368" /><testcase classname="tests.backend_test.TestAuth" name="test_login_all_seeded_users[kevin]" time="0.337" /><testcase classname="tests.backend_test.TestAuth" name="test_login_sets_httponly_cookie" time="0.489" /><testcase classname="tests.backend_test.TestRBAC" name="test_michael_scope" time="1.348" /><testcase classname="tests.backend_test.TestAuth" name="test_me_matches_login" time="1.032" /><testcase classname="tests.backend_test.TestRBAC" name="test_lorenzo_scope" time="0.608" /><testcase classname="tests.backend_test.TestAuth" name="test_me_with_cookie_auth" time="0.572" /><testcase classname="tests.backend_test.TestRBAC" name="test_store_user_forbidden_users_endpoint" time="0.252" /><testcase classname="tests.backend_test.TestRBAC" name="test_store_user_forbidden_operators_stats" time="0.071" /><testcase classname="tests.backend_test.TestRBAC" name="test_store_user_forbidden_send_digest" time="0.073" /><testcase classname="tests.backend_test.TestRBAC" name="test_store_user_stores_scoped" time="0.128" /><testcase classname="tests.backend_test.TestAuth" name="test_no_token_401" time="0.125" /><testcase classname="tests.backend_test.TestRBAC" name="test_cross_scope_client_read_404" time="0.232" /><testcase classname="tests.backend_test.TestAuth" name="test_invalid_token_401" time="0.119" /><testcase classname="tests.backend_test.TestAuth" name="test_bad_password_401" time="0.123" /><testcase classname="tests.backend_test.TestRBAC" name="test_store_user_cannot_delete_client" time="0.178" /><testcase classname="tests.backend_test.TestAuth" name="test_logout" time="0.106" /><testcase classname="tests.backend_test.TestAuth" name="test_bcrypt_hash_format_and_lockout" time="1.260" /><testcase classname="tests.test_rbac_scoping" name="test_login_and_me_via_cookie_only[admin]" time="0.470" /><testcase classname="tests.test_rbac_scoping" name="test_login_and_me_via_cookie_only[operatore]" time="0.415" /><testcase classname="tests.test_rbac_scoping" name="test_login_and_me_via_cookie_only[michael]" time="0.449" /><testcase classname="tests.backend_test.TestDashboardAlerts" name="test_dashboard_stats" time="0.079" /><testcase classname="tests.test_rbac_scoping" name="test_login_and_me_via_cookie_only[lorenzo]" time="0.565" /><testcase classname="tests.backend_test.TestDashboardAlerts" name="test_dashboard_scoped_for_store_user" time="0.949" /><testcase classname="tests.test_rbac_scoping" name="test_negozio_client_scope_matches_own_stores" time="1.103" /><testcase classname="tests.backend_test.TestDashboardAlerts" name="test_alerts" time="0.077" /><testcase classname="tests.backend_test.TestDashboardAlerts" name="test_meta" time="0.250" /><testcase classname="tests.backend_test.TestDashboardAlerts" name="test_operators_stats" time="0.071" /><testcase classname="tests.backend_test.TestDashboardAlerts" name="test_cron_requires_secret" time="0.112" /><testcase classname="tests.backend_test.TestDashboardAlerts" name="test_send_digest_admin" time="0.585" /><testcase classname="tests.test_rbac_scoping" name="test_negozio_cannot_list_users_or_stores" time="0.600" /><testcase classname="tests.backend_test.TestClientsCRUD" name="test_create_read_update_delete" time="1.085" /><testcase classname="tests.test_rbac_scoping" name="test_negozio_cannot_create_user" time="1.581" /><testcase classname="tests.backend_test.TestClientsCRUD" name="test_store_user_create_forced_to_own_store" time="0.297" /><testcase classname="tests.backend_test.TestClientsCRUD" name="test_missing_required_fields_422" time="0.064" /><testcase classname="tests.backend_test.TestClientsCRUD" name="test_client_not_found_404" time="0.291" /><testcase classname="tests.backend_test.TestClientsCRUD" name="test_filters" time="0.656" /><testcase classname="tests.test_rbac_scoping" name="test_logout_clears_cookie" time="0.750" /><testcase classname="tests.backend_test.TestStores" name="test_list_and_mark_paid_and_create" time="0.558" /><testcase classname="tests.backend_test.TestBusinessLogic" name="test_computed_dates" time="0.126" /><testcase classname="tests.backend_test.TestBusinessLogic" name="test_payment_reset_after_6_months" time="0.173" /><testcase classname="tests.backend_test.TestBusinessLogic" name="test_no_mongo_id_leak" time="0.870" /><testcase classname="tests.backend_test.TestStores" name="test_store_mark_paid_404" time="0.070" /><testcase classname="tests.backend_test.TestStores" name="test_store_user_cannot_create_store" time="0.062" /><testcase classname="tests.test_privilege_escalation" name="test_negozio_can_escalate_to_operatore" time="0.540" /><testcase classname="tests.backend_test.TestUsers" name="test_user_lifecycle" time="2.198" /><testcase classname="tests.backend_test.TestUsers" name="test_users_list_no_hash" time="0.085" /></testsuite></testsuites>