<?xml version="1.0" encoding="utf-8"?><testsuites name="pytest tests"><testsuite name="pytest" errors="0" failures="0" skipped="0" tests="5" time="37.337" timestamp="2026-09-10T17:02:14.191716+00:00" hostname="agent-env-b47de3c2-90b0-420f-a80f-51979a931245"><testcase classname="tests.test_passwords.TestPasswordsAdmin" name="test_list_has_52_plus_and_hides_enc" time="34.124" /><testcase classname="tests.test_passwords.TestPasswordsAdmin" name="test_full_crud_and_reveal" time="1.372" /><testcase classname="tests.test_passwords.TestPasswordsRBAC" name="test_michael_sees_only_tirano" time="35.990" /><testcase classname="tests.test_passwords.TestPasswordsAdmin" name="test_import_sheet_gia_importato" time="0.134" /><testcase classname="tests.test_passwords.TestPasswordsAdmin" name="test_audit_log_view_segreti_after_reveal" time="1.359" /></testsuite></testsuites>