<?xml version="1.0" encoding="utf-8"?><testsuites name="pytest tests"><testsuite name="pytest" errors="0" failures="0" skipped="0" tests="20" time="33.805" timestamp="2026-09-14T12:23:13.032905+00:00" hostname="agent-env-b47de3c2-90b0-420f-a80f-51979a931245"><testcase classname="tests.test_formazione_iter13.TestAuthFormazione" name="test_no_token_401" time="0.300" /><testcase classname="tests.test_formazione_iter13.TestFormazioneCRUD" name="test_create_auto_ordine" time="1.060" /><testcase classname="tests.test_formazione_iter13.TestFormazioneCRUD" name="test_patch" time="0.165" /><testcase classname="tests.test_formazione_iter13.TestFormazioneCRUD" name="test_invalid_section_on_create_400" time="0.117" /><testcase classname="tests.test_formazione_iter13.TestFormazioneCRUD" name="test_michael_read_ok" time="2.544" /><testcase classname="tests.test_formazione_iter13.TestFormazioneCRUD" name="test_michael_post_403" time="0.091" /><testcase classname="tests.test_formazione_iter13.TestFormazioneCRUD" name="test_michael_patch_403" time="0.098" /><testcase classname="tests.test_formazione_iter13.TestFormazioneCRUD" name="test_michael_delete_403" time="0.091" /><testcase classname="tests.test_formazione_iter13.TestFormazioneCRUD" name="test_delete" time="0.159" /><testcase classname="tests.test_formazione_iter13.TestPublicFormazione" name="test_public_presentazione_list_no_auth" time="0.206" /><testcase classname="tests.test_formazione_iter13.TestPublicFormazione" name="test_public_presentazione_pdf" time="0.520" /><testcase classname="tests.test_formazione_iter13.TestSyncFogli" name="test_sync_admin_dry_run" time="5.727" /><testcase classname="tests.test_formazione_iter13.TestSyncFogli" name="test_sync_non_admin_403" time="0.084" /><testcase classname="tests.test_formazione_iter13" name="test_zzz_cleanup" time="0.321" /><testcase classname="tests.test_formazione_iter13.TestAuthFormazione" name="test_list_all_admin_40" time="31.977" /><testcase classname="tests.test_formazione_iter13.TestAuthFormazione" name="test_filter_manuale" time="0.081" /><testcase classname="tests.test_formazione_iter13.TestAuthFormazione" name="test_pdf_manuale" time="0.292" /><testcase classname="tests.test_formazione_iter13.TestAuthFormazione" name="test_pdf_servizi" time="0.212" /><testcase classname="tests.test_formazione_iter13.TestAuthFormazione" name="test_pdf_slide" time="0.281" /><testcase classname="tests.test_formazione_iter13.TestAuthFormazione" name="test_pdf_invalid_section_400" time="0.072" /></testsuite></testsuites>