<?xml version="1.0" encoding="utf-8"?><testsuites name="pytest tests"><testsuite name="pytest" errors="0" failures="0" skipped="0" tests="53" time="16.266" timestamp="2026-09-06T16:50:34.655272+00:00" hostname="agent-env-b47de3c2-90b0-420f-a80f-51979a931245"><testcase classname="tests.backend_test.TestAuth" name="test_root" time="0.336" /><testcase classname="tests.backend_test.TestAuth" name="test_login_all_seeded_users[admin]" time="0.590" /><testcase classname="tests.backend_test.TestRBAC" name="test_admin_sees_all_clients" time="1.027" /><testcase classname="tests.backend_test.TestAuth" name="test_login_all_seeded_users[deborah]" time="0.437" /><testcase classname="tests.backend_test.TestAuth" name="test_login_all_seeded_users[michael]" time="0.588" /><testcase classname="tests.backend_test.TestRBAC" name="test_deborah_can_view_all" time="1.434" /><testcase classname="tests.backend_test.TestAuth" name="test_login_all_seeded_users[lorenzo]" time="0.412" /><testcase classname="tests.backend_test.TestAuth" name="test_login_all_seeded_users[kevin]" time="0.427" /><testcase classname="tests.backend_test.TestAuth" name="test_login_sets_httponly_cookie" time="0.552" /><testcase classname="tests.backend_test.TestRBAC" name="test_michael_scope" time="1.493" /><testcase classname="tests.backend_test.TestRBAC" name="test_lorenzo_scope" time="0.719" /><testcase classname="tests.backend_test.TestAuth" name="test_me_matches_login" time="1.386" /><testcase classname="tests.backend_test.TestRBAC" name="test_store_user_forbidden_users_endpoint" time="0.073" /><testcase classname="tests.backend_test.TestAuth" name="test_me_with_cookie_auth" time="0.541" /><testcase classname="tests.backend_test.TestRBAC" name="test_store_user_forbidden_operators_stats" time="0.081" /><testcase classname="tests.backend_test.TestRBAC" name="test_store_user_forbidden_send_digest" time="0.291" /><testcase classname="tests.backend_test.TestRBAC" name="test_store_user_stores_scoped" time="0.076" /><testcase classname="tests.backend_test.TestRBAC" name="test_cross_scope_client_read_404" time="0.249" /><testcase classname="tests.backend_test.TestAuth" name="test_no_token_401" time="0.142" /><testcase classname="tests.backend_test.TestAuth" name="test_invalid_token_401" time="0.139" /><testcase classname="tests.backend_test.TestRBAC" name="test_store_user_cannot_delete_client" time="0.196" /><testcase classname="tests.backend_test.TestAuth" name="test_bad_password_401" time="0.170" /><testcase classname="tests.test_rbac_scoping" name="test_login_and_me_via_cookie_only[admin]" time="0.580" /><testcase classname="tests.backend_test.TestAuth" name="test_logout" time="0.353" /><testcase classname="tests.backend_test.TestAuth" name="test_bcrypt_hash_format_and_lockout" time="1.467" /><testcase classname="tests.test_rbac_scoping" name="test_login_and_me_via_cookie_only[operatore]" time="0.486" /><testcase classname="tests.test_rbac_scoping" name="test_login_and_me_via_cookie_only[michael]" time="0.461" /><testcase classname="tests.test_rbac_scoping" name="test_login_and_me_via_cookie_only[lorenzo]" time="0.441" /><testcase classname="tests.backend_test.TestDashboardAlerts" name="test_dashboard_stats" time="0.128" /><testcase classname="tests.test_rbac_scoping" name="test_negozio_client_scope_matches_own_stores" time="1.457" /><testcase classname="tests.backend_test.TestDashboardAlerts" name="test_dashboard_scoped_for_store_user" time="1.165" /><testcase classname="tests.backend_test.TestDashboardAlerts" name="test_alerts" time="0.092" /><testcase classname="tests.backend_test.TestDashboardAlerts" name="test_meta" time="0.081" /><testcase classname="tests.backend_test.TestDashboardAlerts" name="test_operators_stats" time="0.078" /><testcase classname="tests.test_rbac_scoping" name="test_negozio_cannot_list_users_or_stores" time="0.477" /><testcase classname="tests.backend_test.TestDashboardAlerts" name="test_cron_requires_secret" time="0.313" /><testcase classname="tests.backend_test.TestDashboardAlerts" name="test_send_digest_admin" time="0.547" /><testcase classname="tests.test_rbac_scoping" name="test_negozio_cannot_create_user" time="1.646" /><testcase classname="tests.backend_test.TestClientsCRUD" name="test_create_read_update_delete" time="1.579" /><testcase classname="tests.test_rbac_scoping" name="test_logout_clears_cookie" time="0.517" /><testcase classname="tests.backend_test.TestClientsCRUD" name="test_store_user_create_forced_to_own_store" time="0.209" /><testcase classname="tests.backend_test.TestBusinessLogic" name="test_computed_dates" time="0.134" /><testcase classname="tests.backend_test.TestClientsCRUD" name="test_missing_required_fields_422" time="0.067" /><testcase classname="tests.backend_test.TestClientsCRUD" name="test_client_not_found_404" time="0.072" /><testcase classname="tests.backend_test.TestBusinessLogic" name="test_payment_reset_after_6_months" time="0.155" /><testcase classname="tests.backend_test.TestClientsCRUD" name="test_filters" time="0.509" /><testcase classname="tests.backend_test.TestBusinessLogic" name="test_no_mongo_id_leak" time="0.602" /><testcase classname="tests.backend_test.TestStores" name="test_list_and_mark_paid_and_create" time="0.668" /><testcase classname="tests.backend_test.TestUsers" name="test_user_lifecycle" time="2.074" /><testcase classname="tests.backend_test.TestStores" name="test_store_mark_paid_404" time="0.258" /><testcase classname="tests.backend_test.TestStores" name="test_store_user_cannot_create_store" time="0.096" /><testcase classname="tests.backend_test.TestUsers" name="test_users_list_no_hash" time="0.062" /><testcase classname="tests.test_privilege_escalation" name="test_negozio_can_escalate_to_operatore" time="0.678" /></testsuite></testsuites>