<?xml version="1.0" encoding="utf-8"?><testsuites name="pytest tests"><testsuite name="pytest" errors="0" failures="0" skipped="0" tests="13" time="4.305" timestamp="2026-09-14T17:58:06.221512+00:00" hostname="agent-env-b47de3c2-90b0-420f-a80f-51979a931245"><testcase classname="tests.test_iter17_regole_listino_v2.TestRegole14" name="test_get_14_regole" time="0.661" /><testcase classname="tests.test_iter17_regole_listino_v2" name="test_calcolo_prezzo[TEST_ iPhone 11-True-display_compatibile-17-30-100.0]" time="0.662" /><testcase classname="tests.test_iter17_regole_listino_v2" name="test_calcolo_prezzo[TEST_ iPhone 13 Pro Max-True-display-70-30-220.0]" time="0.281" /><testcase classname="tests.test_iter17_regole_listino_v2" name="test_calcolo_prezzo[TEST_ Samsung Galaxy A15-True-display-34-30-100.0]" time="0.249" /><testcase classname="tests.test_iter17_regole_listino_v2" name="test_calcolo_prezzo[TEST_ iPhone 12-True-batteria-12-30-70.0]" time="0.302" /><testcase classname="tests.test_iter17_regole_listino_v2" name="test_calcolo_prezzo[TEST_ iPhone 12-True-connettore-7.5-30-50.0]" time="0.349" /><testcase classname="tests.test_iter17_regole_listino_v2" name="test_calcolo_prezzo[TEST_ iPhone 12-True-vetro_camera-3.5-30-30.0]" time="0.317" /><testcase classname="tests.test_iter17_regole_listino_v2" name="test_calcolo_prezzo[TEST_ Xiaomi Redmi 12-True-vetro_temperato-3.1-30-10.0]" time="0.405" /><testcase classname="tests.test_iter17_regole_listino_v2" name="test_calcolo_prezzo[TEST_ iPhone 12-False--0-30-45.0]" time="0.272" /><testcase classname="tests.test_iter17_regole_listino_v2.TestParseSifar49" name="test_parse_49_pdf" time="0.267" /><testcase classname="tests.test_iter17_regole_listino_v2.TestListinoSearch" name="test_search_iphone_11" time="0.179" /><testcase classname="tests.test_iter17_regole_listino_v2.TestListinoSearch" name="test_search_galaxy_s23" time="0.158" /><testcase classname="tests.test_iter17_regole_listino_v2.TestListinoSearch" name="test_search_zzz_empty" time="0.144" /></testsuite></testsuites>