<?xml version="1.0" encoding="utf-8"?><testsuites name="pytest tests"><testsuite name="pytest" errors="0" failures="0" skipped="1" tests="42" time="8.773" timestamp="2026-09-04T07:49:41.658565+00:00" hostname="agent-env-b47de3c2-90b0-420f-a80f-51979a931245"><testcase classname="tests.backend_test.TestAuth" name="test_root" time="0.152" /><testcase classname="tests.backend_test.TestAuth" name="test_login_all_seeded_users[admin]" time="0.520" /><testcase classname="tests.backend_test.TestRBAC" name="test_admin_sees_all_clients" time="0.679" /><testcase classname="tests.backend_test.TestAuth" name="test_login_all_seeded_users[deborah]" time="0.615" /><testcase classname="tests.backend_test.TestRBAC" name="test_deborah_can_view_all" time="0.681" /><testcase classname="tests.backend_test.TestAuth" name="test_login_all_seeded_users[michael]" time="0.337" /><testcase classname="tests.backend_test.TestAuth" name="test_login_all_seeded_users[lorenzo]" time="0.485" /><testcase classname="tests.backend_test.TestRBAC" name="test_michael_scope" time="0.880" /><testcase classname="tests.backend_test.TestAuth" name="test_login_all_seeded_users[kevin]" time="0.375" /><testcase classname="tests.backend_test.TestRBAC" name="test_lorenzo_scope" time="0.761" /><testcase classname="tests.backend_test.TestRBAC" name="test_store_user_forbidden_users_endpoint" time="0.065" /><testcase classname="tests.backend_test.TestRBAC" name="test_store_user_forbidden_operators_stats" time="0.279" /><testcase classname="tests.backend_test.TestRBAC" name="test_store_user_forbidden_send_digest" time="0.064" /><testcase classname="tests.backend_test.TestAuth" name="test_me_matches_login" time="1.051" /><testcase classname="tests.backend_test.TestRBAC" name="test_store_user_stores_scoped" time="0.079" /><testcase classname="tests.backend_test.TestRBAC" name="test_cross_scope_client_read_404" time="0.119" /><testcase classname="tests.backend_test.TestAuth" name="test_no_token_401" time="0.139" /><testcase classname="tests.backend_test.TestRBAC" name="test_store_user_cannot_delete_client" time="0.141" /><testcase classname="tests.backend_test.TestAuth" name="test_invalid_token_401" time="0.143" /><testcase classname="tests.backend_test.TestDashboardAlerts" name="test_dashboard_stats" time="0.115" /><testcase classname="tests.backend_test.TestAuth" name="test_bad_password_401" time="0.111" /><testcase classname="tests.backend_test.TestDashboardAlerts" name="test_dashboard_scoped_for_store_user" time="0.064" /><testcase classname="tests.backend_test.TestAuth" name="test_logout" time="0.073" /><testcase classname="tests.backend_test.TestDashboardAlerts" name="test_alerts" time="0.135" /><testcase classname="tests.backend_test.TestAuth" name="test_bcrypt_hash_format_and_lockout" time="0.840" /><testcase classname="tests.backend_test.TestDashboardAlerts" name="test_meta" time="0.067" /><testcase classname="tests.backend_test.TestDashboardAlerts" name="test_operators_stats" time="0.070" /><testcase classname="tests.backend_test.TestDashboardAlerts" name="test_cron_requires_secret" time="0.155" /><testcase classname="tests.backend_test.TestDashboardAlerts" name="test_send_digest_admin" time="0.228"><skipped type="pytest.skip" message="Email proxy rejected recipient: &lt;!DOCTYPE html&gt;&#10;&lt;!--[if lt IE 7]&gt; &lt;html class=&quot;no-js ie6 oldie&quot; lang=&quot;en-US&quot;&gt; &lt;![endif]--&gt;&#10;&lt;!--[if IE 7]&gt;    &lt;html class=&quot;no-js ie7 oldie&quot; lang=&quot;en-US&quot;&gt; &lt;![endif]--&gt;&#10;&lt;!--[if IE 8]&gt;    &lt;html class=&quot;no-">/app/backend/tests/backend_test.py:414: Email proxy rejected recipient: &lt;!DOCTYPE html&gt;
&lt;!--[if lt IE 7]&gt; &lt;html class="no-js ie6 oldie" lang="en-US"&gt; &lt;![endif]--&gt;
&lt;!--[if IE 7]&gt;    &lt;html class="no-js ie7 oldie" lang="en-US"&gt; &lt;![endif]--&gt;
&lt;!--[if IE 8]&gt;    &lt;html class="no-</skipped></testcase><testcase classname="tests.backend_test.TestBusinessLogic" name="test_computed_dates" time="0.070" /><testcase classname="tests.backend_test.TestBusinessLogic" name="test_payment_reset_after_6_months" time="0.071" /><testcase classname="tests.backend_test.TestBusinessLogic" name="test_no_mongo_id_leak" time="0.514" /><testcase classname="tests.backend_test.TestClientsCRUD" name="test_create_read_update_delete" time="0.707" /><testcase classname="tests.backend_test.TestStores" name="test_list_and_mark_paid_and_create" time="0.422" /><testcase classname="tests.backend_test.TestStores" name="test_store_mark_paid_404" time="0.261" /><testcase classname="tests.backend_test.TestStores" name="test_store_user_cannot_create_store" time="0.064" /><testcase classname="tests.backend_test.TestClientsCRUD" name="test_store_user_create_forced_to_own_store" time="0.805" /><testcase classname="tests.backend_test.TestUsers" name="test_user_lifecycle" time="2.079" /><testcase classname="tests.backend_test.TestClientsCRUD" name="test_missing_required_fields_422" time="0.074" /><testcase classname="tests.backend_test.TestClientsCRUD" name="test_client_not_found_404" time="0.282" /><testcase classname="tests.backend_test.TestClientsCRUD" name="test_filters" time="0.372" /><testcase classname="tests.backend_test.TestUsers" name="test_users_list_no_hash" time="0.075" /></testsuite></testsuites>