<?xml version="1.0" encoding="utf-8"?><testsuites name="pytest tests"><testsuite name="pytest" errors="0" failures="2" skipped="0" tests="53" time="16.189" timestamp="2026-09-04T17:24:58.490528+00:00" hostname="agent-env-b47de3c2-90b0-420f-a80f-51979a931245"><testcase classname="tests.backend_test.TestAuth" name="test_root" time="0.476" /><testcase classname="tests.backend_test.TestAuth" name="test_login_all_seeded_users[admin]" time="0.375" /><testcase classname="tests.backend_test.TestRBAC" name="test_admin_sees_all_clients" time="0.914" /><testcase classname="tests.backend_test.TestAuth" name="test_login_all_seeded_users[deborah]" time="0.419" /><testcase classname="tests.backend_test.TestAuth" name="test_login_all_seeded_users[michael]" time="0.500" /><testcase classname="tests.backend_test.TestRBAC" name="test_deborah_can_view_all" time="1.062" /><testcase classname="tests.backend_test.TestAuth" name="test_login_all_seeded_users[lorenzo]" time="0.426" /><testcase classname="tests.backend_test.TestAuth" name="test_login_all_seeded_users[kevin]" time="0.488" /><testcase classname="tests.backend_test.TestRBAC" name="test_michael_scope" time="1.242" /><testcase classname="tests.backend_test.TestAuth" name="test_login_sets_httponly_cookie" time="0.348" /><testcase classname="tests.backend_test.TestRBAC" name="test_lorenzo_scope" time="0.761" /><testcase classname="tests.backend_test.TestRBAC" name="test_store_user_forbidden_users_endpoint" time="0.101" /><testcase classname="tests.backend_test.TestAuth" name="test_me_matches_login" time="1.100" /><testcase classname="tests.backend_test.TestRBAC" name="test_store_user_forbidden_operators_stats" time="0.108" /><testcase classname="tests.backend_test.TestAuth" name="test_me_with_cookie_auth" time="0.514" /><testcase classname="tests.backend_test.TestRBAC" name="test_store_user_forbidden_send_digest" time="0.307" /><testcase classname="tests.backend_test.TestRBAC" name="test_store_user_stores_scoped" time="0.089" /><testcase classname="tests.backend_test.TestRBAC" name="test_cross_scope_client_read_404" time="0.249" /><testcase classname="tests.backend_test.TestAuth" name="test_no_token_401" time="0.122" /><testcase classname="tests.backend_test.TestAuth" name="test_invalid_token_401" time="0.194" /><testcase classname="tests.backend_test.TestRBAC" name="test_store_user_cannot_delete_client" time="0.217" /><testcase classname="tests.backend_test.TestAuth" name="test_bad_password_401" time="0.171" /><testcase classname="tests.test_rbac_scoping" name="test_login_and_me_via_cookie_only[admin]" time="0.511" /><testcase classname="tests.backend_test.TestAuth" name="test_logout" time="0.079" /><testcase classname="tests.backend_test.TestAuth" name="test_bcrypt_hash_format_and_lockout" time="1.434" /><testcase classname="tests.test_rbac_scoping" name="test_login_and_me_via_cookie_only[operatore]" time="0.486" /><testcase classname="tests.test_rbac_scoping" name="test_login_and_me_via_cookie_only[michael]" time="0.505" /><testcase classname="tests.test_rbac_scoping" name="test_login_and_me_via_cookie_only[lorenzo]" time="0.454" /><testcase classname="tests.backend_test.TestDashboardAlerts" name="test_dashboard_stats" time="0.288" /><testcase classname="tests.test_rbac_scoping" name="test_negozio_client_scope_matches_own_stores" time="1.500" /><testcase classname="tests.backend_test.TestDashboardAlerts" name="test_dashboard_scoped_for_store_user" time="0.800" /><testcase classname="tests.backend_test.TestDashboardAlerts" name="test_alerts" time="0.086" /><testcase classname="tests.backend_test.TestDashboardAlerts" name="test_meta" time="0.235" /><testcase classname="tests.backend_test.TestDashboardAlerts" name="test_operators_stats" time="0.087" /><testcase classname="tests.backend_test.TestDashboardAlerts" name="test_cron_requires_secret" time="0.147" /><testcase classname="tests.backend_test.TestDashboardAlerts" name="test_send_digest_admin" time="0.577" /><testcase classname="tests.test_rbac_scoping" name="test_negozio_cannot_list_users_or_stores" time="0.551" /><testcase classname="tests.backend_test.TestClientsCRUD" name="test_create_read_update_delete" time="1.255" /><testcase classname="tests.test_rbac_scoping" name="test_negozio_cannot_create_user" time="0.686"><failure message="AssertionError: expected 403, got 200: {&quot;id&quot;:&quot;fb44b05b-c5a5-4415-b250-7035235191cd&quot;,&quot;name&quot;:&quot;TEST_QA_neg&quot;,&quot;email&quot;:&quot;test_qa_neg@cambiaora.local&quot;,&quot;role&quot;:&quot;negozio&quot;,&quot;store_ids&quot;:[],&quot;can_view_all&quot;:false,&quot;active&quot;:true}&#10;assert 200 == 403&#10; +  where 200 = &lt;Response [200]&gt;.status_code">E   AssertionError: expected 403, got 200: {"id":"fb44b05b-c5a5-4415-b250-7035235191cd","name":"TEST_QA_neg","email":"test_qa_neg@cambiaora.local","role":"negozio","store_ids":[],"can_view_all":false,"active":true}
    assert 200 == 403
     +  where 200 = &lt;Response [200]&gt;.status_code</failure></testcase><testcase classname="tests.test_rbac_scoping" name="test_logout_clears_cookie" time="0.562" /><testcase classname="tests.backend_test.TestClientsCRUD" name="test_store_user_create_forced_to_own_store" time="0.153" /><testcase classname="tests.backend_test.TestClientsCRUD" name="test_missing_required_fields_422" time="0.103" /><testcase classname="tests.backend_test.TestBusinessLogic" name="test_computed_dates" time="0.160" /><testcase classname="tests.backend_test.TestClientsCRUD" name="test_client_not_found_404" time="0.082" /><testcase classname="tests.backend_test.TestClientsCRUD" name="test_filters" time="0.518" /><testcase classname="tests.backend_test.TestBusinessLogic" name="test_payment_reset_after_6_months" time="0.135" /><testcase classname="tests.backend_test.TestBusinessLogic" name="test_no_mongo_id_leak" time="0.751" /><testcase classname="tests.backend_test.TestStores" name="test_list_and_mark_paid_and_create" time="0.569" /><testcase classname="tests.backend_test.TestUsers" name="test_user_lifecycle" time="2.317" /><testcase classname="tests.backend_test.TestStores" name="test_store_mark_paid_404" time="0.236" /><testcase classname="tests.backend_test.TestStores" name="test_store_user_cannot_create_store" time="0.082" /><testcase classname="tests.backend_test.TestUsers" name="test_users_list_no_hash" time="0.085" /><testcase classname="tests.test_privilege_escalation" name="test_negozio_can_escalate_to_operatore" time="1.854"><failure message="AssertionError: SECURITY: negozio user created an 'operatore' account (status 200); the new account can read 488 clients vs 432 for the negozio user&#10;assert 200 == 403&#10; +  where 200 = &lt;Response [200]&gt;.status_code">E   AssertionError: SECURITY: negozio user created an 'operatore' account (status 200); the new account can read 488 clients vs 432 for the negozio user
    assert 200 == 403
     +  where 200 = &lt;Response [200]&gt;.status_code</failure></testcase></testsuite></testsuites>